<?xml version="1.0" encoding="utf-8"?><testsuites name="pytest tests"><testsuite name="pytest" errors="0" failures="0" skipped="0" tests="15" time="8.974" timestamp="2026-02-25T05:41:15.867831+00:00" hostname="ubuntu"><testcase classname="tests.unit.test_attendance_transformation.TestAttendanceTransformation" name="test_bronze_to_silver_extraction" time="5.694" /><testcase classname="tests.unit.test_attendance_transformation.TestAttendanceTransformation" name="test_time_to_minutes_conversion" time="0.304" /><testcase classname="tests.unit.test_attendance_transformation.TestAttendanceTransformation" name="test_silver_deduplication_logic" time="0.487" /><testcase classname="tests.unit.test_attendance_transformation.TestAttendanceTransformation" name="test_gold_enrichment_mock" time="0.246" /><testcase classname="tests.unit.test_biometric_transformation.TestBiometricTransformation" name="test_excel_column_name_cleaning" time="0.001" /><testcase classname="tests.unit.test_biometric_transformation.TestBiometricTransformation" name="test_biometric_date_parsing_from_metadata" time="0.001" /><testcase classname="tests.unit.test_biometric_transformation.TestBiometricTransformation" name="test_biometric_time_to_minutes" time="0.148" /><testcase classname="tests.unit.test_biometric_transformation.TestBiometricTransformation" name="test_silver_column_mapping_and_casting" time="0.150" /><testcase classname="tests.unit.test_employee_transformation.TestEmployeeTransformation" name="test_bronze_to_silver_employee_map_extraction" time="0.316" /><testcase classname="tests.unit.test_employee_transformation.TestEmployeeTransformation" name="test_scd2_hash_generation" time="0.203" /><testcase classname="tests.unit.test_leave_transformation.TestLeaveTransformation" name="test_bronze_to_silver_leave_extraction" time="0.248" /><testcase classname="tests.unit.test_timesheet_transformation.TestTimesheetTransformation" name="test_bronze_to_silver_timesheet_extraction" time="0.200" /><testcase classname="tests.unit.test_timesheet_transformation.TestTimesheetTransformation" name="test_timesheet_deduplication" time="0.270" /><testcase classname="tests.unit.test_zoho_shared.TestZohoSharedLogic" name="test_zoho_response_nesting_extraction" time="0.270" /><testcase classname="tests.unit.test_zoho_shared.TestZohoSharedLogic" name="test_zoho_leave_days_map_parsing" time="0.160" /></testsuite></testsuites>